<?xml version="1.0" encoding="UTF-8"?>
<!-- Generated by org.testng.reporters.JUnitXMLReporter -->
<testsuite ignored="2" hostname="DESKTOP-5P8GHBG" failures="0" tests="2" name="Test" time="75.487" errors="0" timestamp="2024-03-01T13:45:00 IST">
  <testcase classname="oganizations.CreateOrganizationTest" name="createOrganizationTest" time="22.62"/>
  <testcase classname="contacts.CreateContactsTest" name="createConatactsTest" time="19.452"/>
  <testcase classname="genericUtility.BaseClass" name="@AfterSuite asConfiguration" time="0.0">
    <ignored/>
  </testcase> <!-- @AfterSuite asConfiguration -->
  <testcase classname="genericUtility.BaseClass" name="@BeforeSuite bsConfiguration" time="0.0">
    <ignored/>
  </testcase> <!-- @BeforeSuite bsConfiguration -->
</testsuite> <!-- Test -->
