<?xml version="1.0" encoding="UTF-8"?>
<!-- Generated by org.testng.reporters.JUnitXMLReporter -->
<testsuite ignored="4" hostname="DESKTOP-5P8GHBG" failures="0" tests="2" name="Test2" time="51.961" errors="0" timestamp="2024-03-01T14:38:37 IST">
  <testcase classname="oganizations.CreateOrganizationTest" name="createOrganizationTest" time="29.108"/>
  <testcase classname="contacts.CreateContactsTest" name="createConatactsTest" time="0.0">
    <skipped/>
  </testcase> <!-- createConatactsTest -->
  <testcase classname="genericUtility.BaseClass" name="@AfterSuite asConfiguration" time="0.0">
    <ignored/>
  </testcase> <!-- @AfterSuite asConfiguration -->
  <testcase classname="genericUtility.BaseClass" name="@BeforeSuite bsConfiguration" time="0.0">
    <ignored/>
  </testcase> <!-- @BeforeSuite bsConfiguration -->
  <testcase classname="genericUtility.BaseClass" name="@BeforeTest bcConfiguration" time="0.0">
    <ignored/>
  </testcase> <!-- @BeforeTest bcConfiguration -->
  <testcase classname="genericUtility.BaseClass" name="@AfterTest acConfiguration" time="0.0">
    <ignored/>
  </testcase> <!-- @AfterTest acConfiguration -->
</testsuite> <!-- Test2 -->
